

Version:	3.50
CmdLine:	D:\University ( it e )\University ( it e ) 2\البرمجة\مشروع نهائي\SHOP AUTO\app\car.exe --l4j-debug
JNI:		No
WOW64:		Yes
Working dir:	D:\University ( it e )\University ( it e ) 2\البرمجة\مشروع نهائي\SHOP AUTO\app\.
Requires JDK:	No
Requires 64-Bit: No
Java min ver:	1.008.000
Java max ver:	
JRE paths:	D:\University ( it e )\University ( it e ) 2\???????\????? ?????\SHOP AUTO\app\jre1.8.0_461
Check launcher:	D:\University ( it e )\University ( it e ) 2\???????\????? ?????\SHOP AUTO\app\jre1.8.0_461\bin\javaw.exe (not found)
64-bit search:	SOFTWARE\JavaSoft\Java Runtime Environment...
Check:		SOFTWARE\JavaSoft\Java Runtime Environment\1.8
Version string: 1.008.000 / 64-Bit (OK)
Check launcher:	C:\Program Files\Java\jre1.8.0_461\bin\javaw.exe (OK)
Match:		1.008.000
Runtime used:	1.008.000 (64-bit)
Launcher:	C:\Program Files\Java\jre1.8.0_461\bin\javaw.exe
Launcher args:	-jar "D:\University ( it e )\University ( it e ) 2\البرمجة\مشروع نهائي\SHOP AUTO\app\car.exe"
Args length:	93/32768 chars
Exit code:	0


Version:	3.50
CmdLine:	D:\University ( it e )\University ( it e ) 2\البرمجة\مشروع نهائي\SHOP AUTO\app\car.exe --l4j-debug
JNI:		No
WOW64:		Yes
Working dir:	D:\University ( it e )\University ( it e ) 2\البرمجة\مشروع نهائي\SHOP AUTO\app\.
Requires JDK:	No
Requires 64-Bit: No
Java min ver:	1.008.000
Java max ver:	
JRE paths:	D:\University ( it e )\University ( it e ) 2\???????\????? ?????\SHOP AUTO\app\bin\jre1.8.0_461
Check launcher:	D:\University ( it e )\University ( it e ) 2\???????\????? ?????\SHOP AUTO\app\bin\jre1.8.0_461\bin\javaw.exe (not found)
64-bit search:	SOFTWARE\JavaSoft\Java Runtime Environment...
Check:		SOFTWARE\JavaSoft\Java Runtime Environment\1.8
Version string: 1.008.000 / 64-Bit (OK)
Check launcher:	C:\Program Files\Java\jre1.8.0_461\bin\javaw.exe (OK)
Match:		1.008.000
Runtime used:	1.008.000 (64-bit)
Launcher:	C:\Program Files\Java\jre1.8.0_461\bin\javaw.exe
Launcher args:	-jar "D:\University ( it e )\University ( it e ) 2\البرمجة\مشروع نهائي\SHOP AUTO\app\car.exe"
Args length:	93/32768 chars
Exit code:	0


Version:	3.50
CmdLine:	D:\University ( it e )\University ( it e ) 2\البرمجة\مشروع نهائي\SHOP AUTO\app\car.exe --l4j-debug
JNI:		No
WOW64:		Yes
Working dir:	D:\University ( it e )\University ( it e ) 2\البرمجة\مشروع نهائي\SHOP AUTO\app\.
Requires JDK:	No
Requires 64-Bit: No
Java min ver:	1.008.000
Java max ver:	
JRE paths:	D:\University ( it e )\University ( it e ) 2\???????\????? ?????\SHOP AUTO\app\bin\jre1.8.0_461
Check launcher:	D:\University ( it e )\University ( it e ) 2\???????\????? ?????\SHOP AUTO\app\bin\jre1.8.0_461\bin\javaw.exe (not found)
64-bit search:	SOFTWARE\JavaSoft\Java Runtime Environment...
Check:		SOFTWARE\JavaSoft\Java Runtime Environment\1.8
Version string: 1.008.000 / 64-Bit (OK)
Check launcher:	C:\Program Files\Java\jre1.8.0_461\bin\javaw.exe (OK)
Match:		1.008.000
Runtime used:	1.008.000 (64-bit)
Launcher:	C:\Program Files\Java\jre1.8.0_461\bin\javaw.exe
Launcher args:	-jar "D:\University ( it e )\University ( it e ) 2\البرمجة\مشروع نهائي\SHOP AUTO\app\car.exe"
Args length:	93/32768 chars
Exit code:	0
